/ | Mon Feb 02 10:37:53 GMT+07:00 2026 | Guest
/style.css | Mon Feb 02 10:37:53 GMT+07:00 2026 | Guest
/mail/send | Mon Feb 02 10:37:55 GMT+07:00 2026 | Guest
/mail/send | Mon Feb 02 10:38:12 GMT+07:00 2026 | Guest
/ | Mon Feb 02 10:38:12 GMT+07:00 2026 | Guest
/mail/status | Mon Feb 02 10:38:14 GMT+07:00 2026 | Guest
/mail/status | Mon Feb 02 10:39:05 GMT+07:00 2026 | Guest
/style.css | Mon Feb 02 10:39:05 GMT+07:00 2026 | Guest
/ | Mon Feb 02 10:41:50 GMT+07:00 2026 | Guest
/style.css | Mon Feb 02 10:41:50 GMT+07:00 2026 | Guest
/mail/send | Mon Feb 02 10:41:52 GMT+07:00 2026 | Guest
/mail/send | Mon Feb 02 10:42:05 GMT+07:00 2026 | Guest
/ | Mon Feb 02 10:42:05 GMT+07:00 2026 | Guest
/mail/status | Mon Feb 02 10:42:07 GMT+07:00 2026 | Guest
/mail/status/data | Mon Feb 02 10:42:07 GMT+07:00 2026 | Guest
/mail/status/data | Mon Feb 02 10:42:09 GMT+07:00 2026 | Guest
/mail/send | Mon Feb 02 10:42:10 GMT+07:00 2026 | Guest
/mail/status | Mon Feb 02 10:42:12 GMT+07:00 2026 | Guest
/mail/status/data | Mon Feb 02 10:42:12 GMT+07:00 2026 | Guest
/mail/status/data | Mon Feb 02 10:42:14 GMT+07:00 2026 | Guest
/mail/send | Mon Feb 02 10:42:14 GMT+07:00 2026 | Guest
/mail/send | Mon Feb 02 10:42:20 GMT+07:00 2026 | Guest
/ | Mon Feb 02 10:42:20 GMT+07:00 2026 | Guest
/mail/status | Mon Feb 02 10:42:21 GMT+07:00 2026 | Guest
/mail/status/data | Mon Feb 02 10:42:21 GMT+07:00 2026 | Guest
/mail/status/data | Mon Feb 02 10:42:23 GMT+07:00 2026 | Guest
/mail/status/data | Mon Feb 02 10:42:25 GMT+07:00 2026 | Guest
/mail/status/data | Mon Feb 02 10:42:27 GMT+07:00 2026 | Guest
/mail/status/data | Mon Feb 02 10:42:29 GMT+07:00 2026 | Guest
/mail/status/data | Mon Feb 02 10:42:31 GMT+07:00 2026 | Guest
/mail/status/data | Mon Feb 02 10:42:33 GMT+07:00 2026 | Guest
/mail/status/data | Mon Feb 02 10:42:35 GMT+07:00 2026 | Guest
/mail/status/data | Mon Feb 02 10:42:37 GMT+07:00 2026 | Guest
/mail/status/data | Mon Feb 02 10:42:39 GMT+07:00 2026 | Guest
/mail/status/data | Mon Feb 02 10:42:41 GMT+07:00 2026 | Guest
/mail/status/data | Mon Feb 02 10:42:43 GMT+07:00 2026 | Guest
/mail/status/data | Mon Feb 02 10:42:45 GMT+07:00 2026 | Guest
/mail/status/data | Mon Feb 02 10:42:47 GMT+07:00 2026 | Guest
/mail/status/data | Mon Feb 02 10:42:49 GMT+07:00 2026 | Guest
/mail/status/data | Mon Feb 02 10:42:51 GMT+07:00 2026 | Guest
/mail/status/data | Mon Feb 02 10:42:53 GMT+07:00 2026 | Guest
/mail/status/data | Mon Feb 02 10:42:55 GMT+07:00 2026 | Guest
/mail/status/data | Mon Feb 02 10:42:57 GMT+07:00 2026 | Guest
/mail/status/data | Mon Feb 02 10:42:59 GMT+07:00 2026 | Guest
/mail/status/data | Mon Feb 02 10:43:01 GMT+07:00 2026 | Guest
/mail/status/data | Mon Feb 02 10:43:03 GMT+07:00 2026 | Guest
/mail/status/data | Mon Feb 02 10:43:05 GMT+07:00 2026 | Guest
/mail/status/data | Mon Feb 02 10:43:07 GMT+07:00 2026 | Guest
/mail/status/data | Mon Feb 02 10:43:10 GMT+07:00 2026 | Guest
/mail/status/data | Mon Feb 02 10:43:12 GMT+07:00 2026 | Guest
/mail/status/data | Mon Feb 02 10:43:14 GMT+07:00 2026 | Guest
/mail/status/data | Mon Feb 02 10:43:16 GMT+07:00 2026 | Guest
/mail/status/data | Mon Feb 02 10:43:18 GMT+07:00 2026 | Guest
/mail/status/data | Mon Feb 02 10:43:20 GMT+07:00 2026 | Guest
/mail/status/data | Mon Feb 02 10:43:22 GMT+07:00 2026 | Guest
/mail/status/data | Mon Feb 02 10:43:24 GMT+07:00 2026 | Guest
/mail/status/data | Mon Feb 02 10:43:26 GMT+07:00 2026 | Guest
/mail/status/data | Mon Feb 02 10:43:28 GMT+07:00 2026 | Guest
/mail/status/data | Mon Feb 02 10:43:30 GMT+07:00 2026 | Guest
/mail/status/data | Mon Feb 02 10:43:32 GMT+07:00 2026 | Guest
/mail/status/data | Mon Feb 02 10:43:34 GMT+07:00 2026 | Guest
/mail/status/data | Mon Feb 02 10:43:36 GMT+07:00 2026 | Guest
/mail/status/data | Mon Feb 02 10:43:38 GMT+07:00 2026 | Guest
/mail/status/data | Mon Feb 02 10:43:40 GMT+07:00 2026 | Guest
/mail/status/data | Mon Feb 02 10:43:42 GMT+07:00 2026 | Guest
/mail/status/data | Mon Feb 02 10:43:44 GMT+07:00 2026 | Guest
/mail/status/data | Mon Feb 02 10:43:46 GMT+07:00 2026 | Guest
/mail/status/data | Mon Feb 02 10:43:48 GMT+07:00 2026 | Guest
/mail/status/data | Mon Feb 02 10:43:50 GMT+07:00 2026 | Guest
/mail/status/data | Mon Feb 02 10:43:52 GMT+07:00 2026 | Guest
/mail/status/data | Mon Feb 02 10:43:54 GMT+07:00 2026 | Guest
/mail/status/data | Mon Feb 02 10:43:56 GMT+07:00 2026 | Guest
/mail/status/data | Mon Feb 02 10:43:58 GMT+07:00 2026 | Guest
/mail/status/data | Mon Feb 02 10:44:00 GMT+07:00 2026 | Guest
/mail/status/data | Mon Feb 02 10:44:02 GMT+07:00 2026 | Guest
/mail/status/data | Mon Feb 02 10:44:04 GMT+07:00 2026 | Guest
/mail/status/data | Mon Feb 02 10:44:06 GMT+07:00 2026 | Guest
/mail/status/data | Mon Feb 02 10:44:18 GMT+07:00 2026 | Guest
/mail/status/data | Mon Feb 02 10:45:18 GMT+07:00 2026 | Guest
/mail/status/data | Mon Feb 02 10:45:40 GMT+07:00 2026 | Guest
/mail/status/data | Mon Feb 02 10:45:41 GMT+07:00 2026 | Guest
/ | Mon Feb 02 10:45:42 GMT+07:00 2026 | Guest
/style.css | Mon Feb 02 10:45:43 GMT+07:00 2026 | Guest
/mail/send | Mon Feb 02 10:45:44 GMT+07:00 2026 | Guest
/mail/send | Mon Feb 02 10:45:55 GMT+07:00 2026 | Guest
/ | Mon Feb 02 10:45:55 GMT+07:00 2026 | Guest
/mail/status | Mon Feb 02 10:45:56 GMT+07:00 2026 | Guest
/mail/status/data | Mon Feb 02 10:45:56 GMT+07:00 2026 | Guest
/mail/status/data | Mon Feb 02 10:45:58 GMT+07:00 2026 | Guest
/mail/status/data | Mon Feb 02 10:46:00 GMT+07:00 2026 | Guest
/mail/status/data | Mon Feb 02 10:46:02 GMT+07:00 2026 | Guest
/mail/status/data | Mon Feb 02 10:46:04 GMT+07:00 2026 | Guest
/mail/status/data | Mon Feb 02 10:46:06 GMT+07:00 2026 | Guest
/mail/status/data | Mon Feb 02 10:46:08 GMT+07:00 2026 | Guest
/mail/status/data | Mon Feb 02 10:46:10 GMT+07:00 2026 | Guest
/mail/send | Mon Feb 02 10:46:12 GMT+07:00 2026 | Guest
/ | Mon Feb 02 10:46:13 GMT+07:00 2026 | Guest
/mail/send | Mon Feb 02 10:46:15 GMT+07:00 2026 | Guest
/mail/status | Mon Feb 02 10:46:16 GMT+07:00 2026 | Guest
/mail/status/data | Mon Feb 02 10:46:16 GMT+07:00 2026 | Guest
/auth/login | Mon Feb 02 10:46:17 GMT+07:00 2026 | Guest
/auth/login | Mon Feb 02 10:46:23 GMT+07:00 2026 | Guest
/ | Mon Feb 02 10:46:23 GMT+07:00 2026 | Quản trị
/mail/send | Mon Feb 02 10:46:24 GMT+07:00 2026 | Quản trị
/mail/status | Mon Feb 02 10:46:28 GMT+07:00 2026 | Quản trị
/mail/status/data | Mon Feb 02 10:46:28 GMT+07:00 2026 | Quản trị
/mail/send | Mon Feb 02 10:46:29 GMT+07:00 2026 | Quản trị
/ | Mon Feb 02 10:46:30 GMT+07:00 2026 | Quản trị
/ | Mon Feb 02 11:18:38 GMT+07:00 2026 | Guest
/style.css | Mon Feb 02 11:18:38 GMT+07:00 2026 | Guest
/favicon.ico | Mon Feb 02 11:18:38 GMT+07:00 2026 | Guest
/error | Mon Feb 02 11:18:38 GMT+07:00 2026 | Guest
/mail/send | Mon Feb 02 11:18:40 GMT+07:00 2026 | Guest
/mail/send | Mon Feb 02 11:21:13 GMT+07:00 2026 | Guest
/style.css | Mon Feb 02 11:21:13 GMT+07:00 2026 | Guest
/mail/send | Mon Feb 02 11:21:58 GMT+07:00 2026 | Guest
/ | Mon Feb 02 11:21:58 GMT+07:00 2026 | Guest
/style.css | Mon Feb 02 11:21:58 GMT+07:00 2026 | Guest
/mail/status | Mon Feb 02 11:21:59 GMT+07:00 2026 | Guest
/mail/status/data | Mon Feb 02 11:21:59 GMT+07:00 2026 | Guest
/mail/status/data | Mon Feb 02 11:22:01 GMT+07:00 2026 | Guest
/mail/status/data | Mon Feb 02 11:22:03 GMT+07:00 2026 | Guest
/mail/status/data | Mon Feb 02 11:22:05 GMT+07:00 2026 | Guest
/mail/status/data | Mon Feb 02 11:22:07 GMT+07:00 2026 | Guest
/mail/status/data | Mon Feb 02 11:22:09 GMT+07:00 2026 | Guest
/mail/status/data | Mon Feb 02 11:22:11 GMT+07:00 2026 | Guest
/mail/status/data | Mon Feb 02 11:22:13 GMT+07:00 2026 | Guest
/mail/status/data | Mon Feb 02 11:22:15 GMT+07:00 2026 | Guest
/mail/status/data | Mon Feb 02 11:22:17 GMT+07:00 2026 | Guest
/mail/status/data | Mon Feb 02 11:22:19 GMT+07:00 2026 | Guest
/mail/status/data | Mon Feb 02 11:22:21 GMT+07:00 2026 | Guest
/mail/status/data | Mon Feb 02 11:22:23 GMT+07:00 2026 | Guest
/mail/status/data | Mon Feb 02 11:22:25 GMT+07:00 2026 | Guest
/mail/status/data | Mon Feb 02 11:22:27 GMT+07:00 2026 | Guest
/mail/status/data | Mon Feb 02 11:22:29 GMT+07:00 2026 | Guest
/mail/status/data | Mon Feb 02 11:22:31 GMT+07:00 2026 | Guest
/mail/status/data | Mon Feb 02 11:22:33 GMT+07:00 2026 | Guest
/mail/status/data | Mon Feb 02 11:22:35 GMT+07:00 2026 | Guest
/mail/status/data | Mon Feb 02 11:22:37 GMT+07:00 2026 | Guest
/mail/status/data | Mon Feb 02 11:22:39 GMT+07:00 2026 | Guest
/mail/status/data | Mon Feb 02 11:22:41 GMT+07:00 2026 | Guest
/mail/status/data | Mon Feb 02 11:22:43 GMT+07:00 2026 | Guest
/mail/status/data | Mon Feb 02 11:22:45 GMT+07:00 2026 | Guest
/mail/status/data | Mon Feb 02 11:22:47 GMT+07:00 2026 | Guest
/ | Tue Feb 03 07:30:01 GMT+07:00 2026 | Guest
/style.css | Tue Feb 03 07:30:01 GMT+07:00 2026 | Guest
/favicon.ico | Tue Feb 03 07:30:01 GMT+07:00 2026 | Guest
/error | Tue Feb 03 07:30:01 GMT+07:00 2026 | Guest
